<?xml version="1.0" encoding="UTF-8"?>
<!-- Generated by org.testng.reporters.JUnitXMLReporter -->
<testsuite ignored="4" hostname="Keerthi" failures="0" tests="2" name="TestRunner3" time="68.209" errors="0" timestamp="2024-12-16T21:15:32 IST">
  <testcase classname="Organization.CreateOrganizationTest" name="CreateOrganizationTest" time="17.948"/>
  <testcase classname="Campiagns.CreateCampaignWithProductTest" name="CreateCampaignWithProductTest" time="29.829"/>
  <testcase classname="Generic_Utilities.BaseClass" name="@BeforeSuite bs" time="0.0">
    <ignored/>
  </testcase> <!-- @BeforeSuite bs -->
  <testcase classname="Generic_Utilities.BaseClass" name="@BeforeTest bt" time="0.0">
    <ignored/>
  </testcase> <!-- @BeforeTest bt -->
  <testcase classname="Generic_Utilities.BaseClass" name="@AfterSuite as" time="0.0">
    <ignored/>
  </testcase> <!-- @AfterSuite as -->
  <testcase classname="Generic_Utilities.BaseClass" name="@AfterTest at" time="0.0">
    <ignored/>
  </testcase> <!-- @AfterTest at -->
</testsuite> <!-- TestRunner3 -->
