<?xml version="1.0" encoding="UTF-8"?>
<!-- Generated by org.testng.reporters.JUnitXMLReporter -->
<testsuite ignored="4" hostname="Keerthi" failures="0" tests="2" name="TestRunner1" time="55.147" errors="0" timestamp="2024-12-16T21:15:19 IST">
  <testcase classname="Campiagns.CampaignsTest" name="campaignsTest" time="18.218"/>
  <testcase classname="Product.CreateProductTest" name="createProductTest" time="16.286"/>
  <testcase classname="Generic_Utilities.BaseClass" name="@BeforeSuite bs" time="0.0">
    <ignored/>
  </testcase> <!-- @BeforeSuite bs -->
  <testcase classname="Generic_Utilities.BaseClass" name="@BeforeTest bt" time="0.0">
    <ignored/>
  </testcase> <!-- @BeforeTest bt -->
  <testcase classname="Generic_Utilities.BaseClass" name="@AfterSuite as" time="0.0">
    <ignored/>
  </testcase> <!-- @AfterSuite as -->
  <testcase classname="Generic_Utilities.BaseClass" name="@AfterTest at" time="0.0">
    <ignored/>
  </testcase> <!-- @AfterTest at -->
</testsuite> <!-- TestRunner1 -->
