<?xml version="1.0" encoding="UTF-8"?>
<testng-results ignored="8" total="12" passed="4" failed="0" skipped="0">
  <reporter-output>
  </reporter-output>
  <suite started-at="2024-12-16T21:14:23 IST" name="Suite" finished-at="2024-12-16T21:15:32 IST" duration-ms="68209">
    <groups>
      <group name="regression">
        <method signature="CampaignsTest.campaignsTest()[pri:0, instance:Campiagns.CampaignsTest@6e6f2380]" name="campaignsTest" class="Campiagns.CampaignsTest"/>
        <method signature="CreateOrganizationTest.CreateOrganizationTest()[pri:0, instance:Organization.CreateOrganizationTest@2d901eb0]" name="CreateOrganizationTest" class="Organization.CreateOrganizationTest"/>
      </group> <!-- regression -->
      <group name="smoke">
        <method signature="CampaignsTest.campaignsTest()[pri:0, instance:Campiagns.CampaignsTest@6e6f2380]" name="campaignsTest" class="Campiagns.CampaignsTest"/>
        <method signature="CreateCampaignWithProductTest.CreateCampaignWithProductTest()[pri:0, instance:Campiagns.CreateCampaignWithProductTest@3ba987b8]" name="CreateCampaignWithProductTest" class="Campiagns.CreateCampaignWithProductTest"/>
      </group> <!-- smoke -->
      <group name="sanity">
        <method signature="CreateProductTest.createProductTest()[pri:0, instance:Product.CreateProductTest@7d0b7e3c]" name="createProductTest" class="Product.CreateProductTest"/>
      </group> <!-- sanity -->
    </groups>
    <test started-at="2024-12-16T21:14:23 IST" name="TestRunner1" finished-at="2024-12-16T21:15:19 IST" duration-ms="55147">
      <class name="Campiagns.CampaignsTest">
        <test-method is-config="true" signature="bt()[pri:0, instance:Campiagns.CampaignsTest@6e6f2380]" started-at="2024-12-16T21:14:23 IST" name="bt" finished-at="2024-12-16T21:14:23 IST" duration-ms="1" status="PASS">
          <reporter-output>
          </reporter-output>
        </test-method> <!-- bt -->
        <test-method is-config="true" signature="bc()[pri:0, instance:Campiagns.CampaignsTest@6e6f2380]" started-at="2024-12-16T21:14:23 IST" name="bc" finished-at="2024-12-16T21:14:26 IST" duration-ms="2764" status="PASS">
          <reporter-output>
          </reporter-output>
        </test-method> <!-- bc -->
        <test-method is-config="true" signature="bm()[pri:0, instance:Campiagns.CampaignsTest@6e6f2380]" started-at="2024-12-16T21:14:26 IST" name="bm" finished-at="2024-12-16T21:14:31 IST" duration-ms="5252" status="PASS">
          <reporter-output>
          </reporter-output>
        </test-method> <!-- bm -->
        <test-method signature="campaignsTest()[pri:0, instance:Campiagns.CampaignsTest@6e6f2380]" started-at="2024-12-16T21:14:31 IST" name="campaignsTest" finished-at="2024-12-16T21:14:50 IST" duration-ms="18218" status="PASS">
          <reporter-output>
          </reporter-output>
        </test-method> <!-- campaignsTest -->
        <test-method is-config="true" signature="am()[pri:0, instance:Campiagns.CampaignsTest@6e6f2380]" started-at="2024-12-16T21:14:50 IST" name="am" finished-at="2024-12-16T21:14:52 IST" duration-ms="2794" status="PASS">
          <reporter-output>
          </reporter-output>
        </test-method> <!-- am -->
        <test-method is-config="true" signature="ac()[pri:0, instance:Campiagns.CampaignsTest@6e6f2380]" started-at="2024-12-16T21:14:52 IST" name="ac" finished-at="2024-12-16T21:14:53 IST" duration-ms="240" status="PASS">
          <reporter-output>
          </reporter-output>
        </test-method> <!-- ac -->
        <test-method is-config="true" signature="at()[pri:0, instance:Campiagns.CampaignsTest@6e6f2380]" started-at="2024-12-16T21:15:19 IST" name="at" finished-at="2024-12-16T21:15:19 IST" duration-ms="1" status="PASS">
          <reporter-output>
          </reporter-output>
        </test-method> <!-- at -->
      </class> <!-- Campiagns.CampaignsTest -->
      <class name="Product.CreateProductTest">
        <test-method is-config="true" signature="bc()[pri:0, instance:Product.CreateProductTest@7d0b7e3c]" started-at="2024-12-16T21:14:53 IST" name="bc" finished-at="2024-12-16T21:14:54 IST" duration-ms="1074" status="PASS">
          <reporter-output>
          </reporter-output>
        </test-method> <!-- bc -->
        <test-method is-config="true" signature="bm()[pri:0, instance:Product.CreateProductTest@7d0b7e3c]" started-at="2024-12-16T21:14:54 IST" name="bm" finished-at="2024-12-16T21:14:59 IST" duration-ms="5159" status="PASS">
          <reporter-output>
          </reporter-output>
        </test-method> <!-- bm -->
        <test-method signature="createProductTest()[pri:0, instance:Product.CreateProductTest@7d0b7e3c]" started-at="2024-12-16T21:14:59 IST" name="createProductTest" finished-at="2024-12-16T21:15:15 IST" duration-ms="16286" status="PASS">
          <reporter-output>
          </reporter-output>
        </test-method> <!-- createProductTest -->
        <test-method is-config="true" signature="am()[pri:0, instance:Product.CreateProductTest@7d0b7e3c]" started-at="2024-12-16T21:15:15 IST" name="am" finished-at="2024-12-16T21:15:18 IST" duration-ms="3069" status="PASS">
          <reporter-output>
          </reporter-output>
        </test-method> <!-- am -->
        <test-method is-config="true" signature="ac()[pri:0, instance:Product.CreateProductTest@7d0b7e3c]" started-at="2024-12-16T21:15:18 IST" name="ac" finished-at="2024-12-16T21:15:18 IST" duration-ms="253" status="PASS">
          <reporter-output>
          </reporter-output>
        </test-method> <!-- ac -->
      </class> <!-- Product.CreateProductTest -->
    </test> <!-- TestRunner1 -->
    <test started-at="2024-12-16T21:14:23 IST" name="TestRunner3" finished-at="2024-12-16T21:15:32 IST" duration-ms="68209">
      <class name="Campiagns.CreateCampaignWithProductTest">
        <test-method is-config="true" signature="bc()[pri:0, instance:Campiagns.CreateCampaignWithProductTest@3ba987b8]" started-at="2024-12-16T21:14:53 IST" name="bc" finished-at="2024-12-16T21:14:54 IST" duration-ms="1304" status="PASS">
          <reporter-output>
          </reporter-output>
        </test-method> <!-- bc -->
        <test-method is-config="true" signature="bm()[pri:0, instance:Campiagns.CreateCampaignWithProductTest@3ba987b8]" started-at="2024-12-16T21:14:54 IST" name="bm" finished-at="2024-12-16T21:15:00 IST" duration-ms="5305" status="PASS">
          <reporter-output>
          </reporter-output>
        </test-method> <!-- bm -->
        <test-method signature="CreateCampaignWithProductTest()[pri:0, instance:Campiagns.CreateCampaignWithProductTest@3ba987b8]" started-at="2024-12-16T21:15:00 IST" name="CreateCampaignWithProductTest" finished-at="2024-12-16T21:15:29 IST" duration-ms="29829" status="PASS">
          <reporter-output>
          </reporter-output>
        </test-method> <!-- CreateCampaignWithProductTest -->
        <test-method is-config="true" signature="am()[pri:0, instance:Campiagns.CreateCampaignWithProductTest@3ba987b8]" started-at="2024-12-16T21:15:29 IST" name="am" finished-at="2024-12-16T21:15:31 IST" duration-ms="1917" status="PASS">
          <reporter-output>
          </reporter-output>
        </test-method> <!-- am -->
        <test-method is-config="true" signature="ac()[pri:0, instance:Campiagns.CreateCampaignWithProductTest@3ba987b8]" started-at="2024-12-16T21:15:31 IST" name="ac" finished-at="2024-12-16T21:15:32 IST" duration-ms="256" status="PASS">
          <reporter-output>
          </reporter-output>
        </test-method> <!-- ac -->
      </class> <!-- Campiagns.CreateCampaignWithProductTest -->
      <class name="Organization.CreateOrganizationTest">
        <test-method is-config="true" signature="bs()[pri:0, instance:Organization.CreateOrganizationTest@2d901eb0]" started-at="2024-12-16T21:14:23 IST" name="bs" finished-at="2024-12-16T21:14:23 IST" duration-ms="17" status="PASS">
          <reporter-output>
          </reporter-output>
        </test-method> <!-- bs -->
        <test-method is-config="true" signature="bt()[pri:0, instance:Organization.CreateOrganizationTest@2d901eb0]" started-at="2024-12-16T21:14:23 IST" name="bt" finished-at="2024-12-16T21:14:23 IST" duration-ms="0" status="PASS">
          <reporter-output>
          </reporter-output>
        </test-method> <!-- bt -->
        <test-method is-config="true" signature="bc()[pri:0, instance:Organization.CreateOrganizationTest@2d901eb0]" started-at="2024-12-16T21:14:23 IST" name="bc" finished-at="2024-12-16T21:14:26 IST" duration-ms="2764" status="PASS">
          <reporter-output>
          </reporter-output>
        </test-method> <!-- bc -->
        <test-method is-config="true" signature="bm()[pri:0, instance:Organization.CreateOrganizationTest@2d901eb0]" started-at="2024-12-16T21:14:26 IST" name="bm" finished-at="2024-12-16T21:14:32 IST" duration-ms="5514" status="PASS">
          <reporter-output>
          </reporter-output>
        </test-method> <!-- bm -->
        <test-method signature="CreateOrganizationTest()[pri:0, instance:Organization.CreateOrganizationTest@2d901eb0]" started-at="2024-12-16T21:14:32 IST" name="CreateOrganizationTest" finished-at="2024-12-16T21:14:50 IST" duration-ms="17948" status="PASS">
          <reporter-output>
          </reporter-output>
        </test-method> <!-- CreateOrganizationTest -->
        <test-method is-config="true" signature="am()[pri:0, instance:Organization.CreateOrganizationTest@2d901eb0]" started-at="2024-12-16T21:14:50 IST" name="am" finished-at="2024-12-16T21:14:52 IST" duration-ms="2529" status="PASS">
          <reporter-output>
          </reporter-output>
        </test-method> <!-- am -->
        <test-method is-config="true" signature="ac()[pri:0, instance:Organization.CreateOrganizationTest@2d901eb0]" started-at="2024-12-16T21:14:52 IST" name="ac" finished-at="2024-12-16T21:14:53 IST" duration-ms="804" status="PASS">
          <reporter-output>
          </reporter-output>
        </test-method> <!-- ac -->
        <test-method is-config="true" signature="at()[pri:0, instance:Organization.CreateOrganizationTest@2d901eb0]" started-at="2024-12-16T21:15:32 IST" name="at" finished-at="2024-12-16T21:15:32 IST" duration-ms="0" status="PASS">
          <reporter-output>
          </reporter-output>
        </test-method> <!-- at -->
        <test-method is-config="true" signature="as()[pri:0, instance:Organization.CreateOrganizationTest@2d901eb0]" started-at="2024-12-16T21:15:32 IST" name="as" finished-at="2024-12-16T21:15:32 IST" duration-ms="1" status="PASS">
          <reporter-output>
          </reporter-output>
        </test-method> <!-- as -->
      </class> <!-- Organization.CreateOrganizationTest -->
    </test> <!-- TestRunner3 -->
  </suite> <!-- Suite -->
</testng-results>
